<?xml version="1.0" encoding="UTF-8"?>
<!-- Generated by org.testng.reporters.JUnitReportReporter -->
<testsuite hostname="DESKTOP-FKRNN9J" failures="0" tests="1" name="testcases.Logintest" time="25.682" errors="0" timestamp="2023-03-07T08:27:39 IST" skipped="0">
  <testcase classname="testcases.Logintest" name="logintoapplication" time="25.682"/>
  <system-out/>
</testsuite> <!-- testcases.Logintest -->
